// Improve diagnostic reasoning trace – 2026-03-20 15:00:00
// Enhance fuzzy input normalization – 2026-03-20 15:00:00
// Enhance fuzzy input normalization – 2026-03-20 15:00:00
// Enhance fuzzy input normalization – 2026-03-20 15:00:00
// Improve recursive backward chaining logic – 2026-03-20 15:00:00
// Enhance fuzzy input normalization – 2026-03-21 15:00:00
// Improve diagnostic reasoning trace – 2026-03-21 15:00:00
// Improve diagnostic reasoning trace – 2026-03-21 15:00:00
// Enhance fuzzy input normalization – 2026-03-21 15:00:00
// Improve recursive backward chaining logic – 2026-03-21 15:00:00
// Improve recursive backward chaining logic – 2026-03-21 15:00:00
// Optimize rule evaluation performance – 2026-03-21 15:00:00
// Enhance fuzzy input normalization – 2026-03-21 15:00:00
// Enhance fuzzy input normalization – 2026-03-21 15:00:00
// Enhance fuzzy input normalization – 2026-03-21 15:00:00
// Optimize rule evaluation performance – 2026-03-21 15:00:00
// Enhance fuzzy input normalization – 2026-03-21 15:00:00
// Enhance fuzzy input normalization – 2026-03-21 15:00:00
// Enhance fuzzy input normalization – 2026-03-21 15:00:00
// Improve recursive backward chaining logic – 2026-03-21 15:00:00
// Enhance fuzzy input normalization – 2026-03-21 15:00:00
// Improve diagnostic reasoning trace – 2026-03-21 15:00:00
// Optimize rule evaluation performance – 2026-03-21 15:00:00
// Refactor certainty factor aggregation – 2026-03-21 15:00:00
// Improve recursive backward chaining logic – 2026-03-22 15:00:00
// Refactor certainty factor aggregation – 2026-03-22 15:00:00
// Enhance fuzzy input normalization – 2026-03-22 15:00:00
// Improve recursive backward chaining logic – 2026-03-22 15:00:00
// Improve recursive backward chaining logic – 2026-03-22 15:00:00
// Refactor certainty factor aggregation – 2026-03-22 15:00:00
// Refactor certainty factor aggregation – 2026-03-23 15:00:00
// Optimize rule evaluation performance – 2026-03-23 15:00:00
// Improve recursive backward chaining logic – 2026-03-23 15:00:00
// Enhance fuzzy input normalization – 2026-03-23 15:00:00
// Improve recursive backward chaining logic – 2026-03-23 15:00:00
// Improve diagnostic reasoning trace – 2026-03-23 15:00:00
// Improve recursive backward chaining logic – 2026-03-23 15:00:00
// Optimize rule evaluation performance – 2026-03-23 15:00:00
// Enhance fuzzy input normalization – 2026-03-23 15:00:00
// Enhance fuzzy input normalization – 2026-03-24 15:00:00
// Optimize rule evaluation performance – 2026-03-24 15:00:00
// Refactor certainty factor aggregation – 2026-03-24 15:00:00
// Improve diagnostic reasoning trace – 2026-03-24 15:00:00
// Improve recursive backward chaining logic – 2026-03-25 15:00:00
// Enhance fuzzy input normalization – 2026-03-25 15:00:00
// Refactor certainty factor aggregation – 2026-03-25 15:00:00
